<?xml version="1.0" encoding="UTF-8"?>
<testsuite name="mekura.api.ApiApplicationTests" tests="1" skipped="0" failures="0" errors="0" timestamp="2021-03-17T16:42:20" hostname="KURO" time="0.228">
  <properties/>
  <testcase name="contextLoads()" classname="mekura.api.ApiApplicationTests" time="0.228"/>
  <system-out><![CDATA[17:42:17.297 [Test worker] DEBUG org.springframework.test.context.BootstrapUtils - Instantiating CacheAwareContextLoaderDelegate from class [org.springframework.test.context.cache.DefaultCacheAwareContextLoaderDelegate]
17:42:17.309 [Test worker] DEBUG org.springframework.test.context.BootstrapUtils - Instantiating BootstrapContext using constructor [public org.springframework.test.context.support.DefaultBootstrapContext(java.lang.Class,org.springframework.test.context.CacheAwareContextLoaderDelegate)]
17:42:17.340 [Test worker] DEBUG org.springframework.test.context.BootstrapUtils - Instantiating TestContextBootstrapper for test class [mekura.api.ApiApplicationTests] from class [org.springframework.boot.test.context.SpringBootTestContextBootstrapper]
17:42:17.351 [Test worker] INFO org.springframework.boot.test.context.SpringBootTestContextBootstrapper - Neither @ContextConfiguration nor @ContextHierarchy found for test class [mekura.api.ApiApplicationTests], using SpringBootContextLoader
17:42:17.354 [Test worker] DEBUG org.springframework.test.context.support.AbstractContextLoader - Did not detect default resource location for test class [mekura.api.ApiApplicationTests]: class path resource [mekura/api/ApiApplicationTests-context.xml] does not exist
17:42:17.355 [Test worker] DEBUG org.springframework.test.context.support.AbstractContextLoader - Did not detect default resource location for test class [mekura.api.ApiApplicationTests]: class path resource [mekura/api/ApiApplicationTestsContext.groovy] does not exist
17:42:17.355 [Test worker] INFO org.springframework.test.context.support.AbstractContextLoader - Could not detect default resource locations for test class [mekura.api.ApiApplicationTests]: no resource found for suffixes {-context.xml, Context.groovy}.
17:42:17.355 [Test worker] INFO org.springframework.test.context.support.AnnotationConfigContextLoaderUtils - Could not detect default configuration classes for test class [mekura.api.ApiApplicationTests]: ApiApplicationTests does not declare any static, non-private, non-final, nested classes annotated with @Configuration.
17:42:17.391 [Test worker] DEBUG org.springframework.test.context.support.ActiveProfilesUtils - Could not find an 'annotation declaring class' for annotation type [org.springframework.test.context.ActiveProfiles] and class [mekura.api.ApiApplicationTests]
17:42:17.458 [Test worker] DEBUG org.springframework.context.annotation.ClassPathScanningCandidateComponentProvider - Identified candidate component class: file [C:\Users\xener\Desktop\Le CODAGE\blindtest\api\build\classes\java\main\mekura\api\ApiApplication.class]
17:42:17.461 [Test worker] INFO org.springframework.boot.test.context.SpringBootTestContextBootstrapper - Found @SpringBootConfiguration mekura.api.ApiApplication for test class mekura.api.ApiApplicationTests
17:42:17.543 [Test worker] DEBUG org.springframework.boot.test.context.SpringBootTestContextBootstrapper - @TestExecutionListeners is not present for class [mekura.api.ApiApplicationTests]: using defaults.
17:42:17.543 [Test worker] INFO org.springframework.boot.test.context.SpringBootTestContextBootstrapper - Loaded default TestExecutionListener class names from location [META-INF/spring.factories]: [org.springframework.boot.test.autoconfigure.restdocs.RestDocsTestExecutionListener, org.springframework.boot.test.autoconfigure.web.client.MockRestServiceServerResetTestExecutionListener, org.springframework.boot.test.autoconfigure.web.servlet.MockMvcPrintOnlyOnFailureTestExecutionListener, org.springframework.boot.test.autoconfigure.web.servlet.WebDriverTestExecutionListener, org.springframework.boot.test.autoconfigure.webservices.client.MockWebServiceServerTestExecutionListener, org.springframework.boot.test.mock.mockito.MockitoTestExecutionListener, org.springframework.boot.test.mock.mockito.ResetMocksTestExecutionListener, org.springframework.test.context.web.ServletTestExecutionListener, org.springframework.test.context.support.DirtiesContextBeforeModesTestExecutionListener, org.springframework.test.context.event.ApplicationEventsTestExecutionListener, org.springframework.test.context.support.DependencyInjectionTestExecutionListener, org.springframework.test.context.support.DirtiesContextTestExecutionListener, org.springframework.test.context.transaction.TransactionalTestExecutionListener, org.springframework.test.context.jdbc.SqlScriptsTestExecutionListener, org.springframework.test.context.event.EventPublishingTestExecutionListener]
17:42:17.560 [Test worker] INFO org.springframework.boot.test.context.SpringBootTestContextBootstrapper - Using TestExecutionListeners: [org.springframework.test.context.web.ServletTestExecutionListener@2aca55d8, org.springframework.test.context.support.DirtiesContextBeforeModesTestExecutionListener@207c052b, org.springframework.test.context.event.ApplicationEventsTestExecutionListener@5e6aabe2, org.springframework.boot.test.mock.mockito.MockitoTestExecutionListener@359fb111, org.springframework.boot.test.autoconfigure.SpringBootDependencyInjectionTestExecutionListener@4d0356ef, org.springframework.test.context.support.DirtiesContextTestExecutionListener@d165739, org.springframework.test.context.transaction.TransactionalTestExecutionListener@628d8c2, org.springframework.test.context.jdbc.SqlScriptsTestExecutionListener@4e77f62f, org.springframework.test.context.event.EventPublishingTestExecutionListener@19946520, org.springframework.boot.test.autoconfigure.restdocs.RestDocsTestExecutionListener@268456b4, org.springframework.boot.test.autoconfigure.web.client.MockRestServiceServerResetTestExecutionListener@662a646e, org.springframework.boot.test.autoconfigure.web.servlet.MockMvcPrintOnlyOnFailureTestExecutionListener@171d300a, org.springframework.boot.test.autoconfigure.web.servlet.WebDriverTestExecutionListener@2d1aeaac, org.springframework.boot.test.autoconfigure.webservices.client.MockWebServiceServerTestExecutionListener@29af384d, org.springframework.boot.test.mock.mockito.ResetMocksTestExecutionListener@1c132002]
17:42:17.563 [Test worker] DEBUG org.springframework.test.context.support.AbstractDirtiesContextTestExecutionListener - Before test class: context [DefaultTestContext@14bbacd0 testClass = ApiApplicationTests, testInstance = [null], testMethod = [null], testException = [null], mergedContextConfiguration = [WebMergedContextConfiguration@dc7b498 testClass = ApiApplicationTests, locations = '{}', classes = '{class mekura.api.ApiApplication}', contextInitializerClasses = '[]', activeProfiles = '{}', propertySourceLocations = '{}', propertySourceProperties = '{org.springframework.boot.test.context.SpringBootTestContextBootstrapper=true}', contextCustomizers = set[org.springframework.boot.test.autoconfigure.actuate.metrics.MetricsExportContextCustomizerFactory$DisableMetricExportContextCustomizer@27f2e455, org.springframework.boot.test.autoconfigure.properties.PropertyMappingContextCustomizer@0, org.springframework.boot.test.autoconfigure.web.servlet.WebDriverContextCustomizerFactory$Customizer@6d0de8a1, org.springframework.boot.test.context.filter.ExcludeFilterContextCustomizer@8703222, org.springframework.boot.test.json.DuplicateJsonObjectContextCustomizerFactory$DuplicateJsonObjectContextCustomizer@3cb9b757, org.springframework.boot.test.mock.mockito.MockitoContextCustomizer@0, org.springframework.boot.test.web.client.TestRestTemplateContextCustomizer@56e065e7, org.springframework.boot.test.context.SpringBootTestArgs@1, org.springframework.boot.test.context.SpringBootTestWebEnvironment@17ae8576], resourceBasePath = 'src/main/webapp', contextLoader = 'org.springframework.boot.test.context.SpringBootContextLoader', parent = [null]], attributes = map['org.springframework.test.context.web.ServletTestExecutionListener.activateListener' -> true]], class annotated with @DirtiesContext [false] with mode [null].
17:42:17.592 [Test worker] DEBUG org.springframework.test.context.support.TestPropertySourceUtils - Adding inlined properties to environment: {spring.jmx.enabled=false, org.springframework.boot.test.context.SpringBootTestContextBootstrapper=true}

  .   ____          _            __ _ _
 /\\ / ___'_ __ _ _(_)_ __  __ _ \ \ \ \
( ( )\___ | '_ | '_| | '_ \/ _` | \ \ \ \
 \\/  ___)| |_)| | | | | || (_| |  ) ) ) )
  '  |____| .__|_| |_|_| |_\__, | / / / /
 =========|_|==============|___/=/_/_/_/
 :: Spring Boot ::                (v2.4.3)

2021-03-17 17:42:17.822  INFO 20512 --- [    Test worker] mekura.api.ApiApplicationTests           : Starting ApiApplicationTests using Java 1.8.0_211 on Kuro with PID 20512 (started by Kuro in C:\Users\xener\Desktop\Le CODAGE\blindtest\api)
2021-03-17 17:42:17.824  INFO 20512 --- [    Test worker] mekura.api.ApiApplicationTests           : No active profile set, falling back to default profiles: default
2021-03-17 17:42:18.378  INFO 20512 --- [    Test worker] .s.d.r.c.RepositoryConfigurationDelegate : Bootstrapping Spring Data JPA repositories in DEFAULT mode.
2021-03-17 17:42:18.434  INFO 20512 --- [    Test worker] .s.d.r.c.RepositoryConfigurationDelegate : Finished Spring Data repository scanning in 50 ms. Found 1 JPA repository interfaces.
2021-03-17 17:42:18.877  INFO 20512 --- [    Test worker] o.hibernate.jpa.internal.util.LogHelper  : HHH000204: Processing PersistenceUnitInfo [name: default]
2021-03-17 17:42:18.926  INFO 20512 --- [    Test worker] org.hibernate.Version                    : HHH000412: Hibernate ORM core version 5.4.28.Final
2021-03-17 17:42:19.106  INFO 20512 --- [    Test worker] o.hibernate.annotations.common.Version   : HCANN000001: Hibernate Commons Annotations {5.1.2.Final}
2021-03-17 17:42:19.205  INFO 20512 --- [    Test worker] com.zaxxer.hikari.HikariDataSource       : HikariPool-1 - Starting...
2021-03-17 17:42:19.370  INFO 20512 --- [    Test worker] com.zaxxer.hikari.HikariDataSource       : HikariPool-1 - Start completed.
2021-03-17 17:42:19.386  INFO 20512 --- [    Test worker] org.hibernate.dialect.Dialect            : HHH000400: Using dialect: org.hibernate.dialect.MySQL5InnoDBDialect
2021-03-17 17:42:19.946  INFO 20512 --- [    Test worker] o.h.e.t.j.p.i.JtaPlatformInitiator       : HHH000490: Using JtaPlatform implementation: [org.hibernate.engine.transaction.jta.platform.internal.NoJtaPlatform]
2021-03-17 17:42:19.954  INFO 20512 --- [    Test worker] j.LocalContainerEntityManagerFactoryBean : Initialized JPA EntityManagerFactory for persistence unit 'default'
2021-03-17 17:42:20.280  WARN 20512 --- [    Test worker] JpaBaseConfiguration$JpaWebConfiguration : spring.jpa.open-in-view is enabled by default. Therefore, database queries may be performed during view rendering. Explicitly configure spring.jpa.open-in-view to disable this warning
Authorized domain : http://localhost:3000
Authorized domain : http://172.17.89.177:3000
Authorized domain : http://localhost:3001
Authorized domain : http://172.17.89.177:3001
Authorized domain : http://localhost:3002
Authorized domain : http://172.17.89.177:3002
Authorized domain : http://localhost:3003
Authorized domain : http://172.17.89.177:3003
Authorized domain : http://localhost:3004
Authorized domain : http://172.17.89.177:3004
Authorized domain : http://localhost:3005
Authorized domain : http://172.17.89.177:3005
Authorized domain : http://localhost:3006
Authorized domain : http://172.17.89.177:3006
Authorized domain : http://localhost:3007
Authorized domain : http://172.17.89.177:3007
Authorized domain : http://localhost:3008
Authorized domain : http://172.17.89.177:3008
Authorized domain : http://localhost:3009
Authorized domain : http://172.17.89.177:3009
Authorized domain : {application.url}
2021-03-17 17:42:20.963  INFO 20512 --- [    Test worker] mekura.api.ApiApplicationTests           : Started ApiApplicationTests in 3.365 seconds (JVM running for 4.37)
]]></system-out>
  <system-err><![CDATA[]]></system-err>
</testsuite>
